Determining if the pthread_create exist failed with the following output:
Change Dir: /home/cub3d/Development/git/LockScreen/CMakeFiles/CMakeTmp

Run Build Command:"/usr/bin/make" "cmTC_4299f/fast"
/usr/bin/make -f CMakeFiles/cmTC_4299f.dir/build.make CMakeFiles/cmTC_4299f.dir/build
make[1]: Entering directory '/home/cub3d/Development/git/LockScreen/CMakeFiles/CMakeTmp'
Building C object CMakeFiles/cmTC_4299f.dir/CheckSymbolExists.c.o
/usr/bin/cc    -o CMakeFiles/cmTC_4299f.dir/CheckSymbolExists.c.o   -c /home/cub3d/Development/git/LockScreen/CMakeFiles/CMakeTmp/CheckSymbolExists.c
Linking C executable cmTC_4299f
/usr/bin/cmake -E cmake_link_script CMakeFiles/cmTC_4299f.dir/link.txt --verbose=1
/usr/bin/cc      CMakeFiles/cmTC_4299f.dir/CheckSymbolExists.c.o  -o cmTC_4299f 
CMakeFiles/cmTC_4299f.dir/CheckSymbolExists.c.o: In function `main':
CheckSymbolExists.c:(.text+0x1b): undefined reference to `pthread_create'
collect2: error: ld returned 1 exit status
make[1]: *** [CMakeFiles/cmTC_4299f.dir/build.make:87: cmTC_4299f] Error 1
make[1]: Leaving directory '/home/cub3d/Development/git/LockScreen/CMakeFiles/CMakeTmp'
make: *** [Makefile:126: cmTC_4299f/fast] Error 2

File /home/cub3d/Development/git/LockScreen/CMakeFiles/CMakeTmp/CheckSymbolExists.c:
/* */
#include <pthread.h>

int main(int argc, char** argv)
{
  (void)argv;
#ifndef pthread_create
  return ((int*)(&pthread_create))[argc];
#else
  (void)argc;
  return 0;
#endif
}

Determining if the function pthread_create exists in the pthreads failed with the following output:
Change Dir: /home/cub3d/Development/git/LockScreen/CMakeFiles/CMakeTmp

Run Build Command:"/usr/bin/make" "cmTC_ece20/fast"
/usr/bin/make -f CMakeFiles/cmTC_ece20.dir/build.make CMakeFiles/cmTC_ece20.dir/build
make[1]: Entering directory '/home/cub3d/Development/git/LockScreen/CMakeFiles/CMakeTmp'
Building C object CMakeFiles/cmTC_ece20.dir/CheckFunctionExists.c.o
/usr/bin/cc   -DCHECK_FUNCTION_EXISTS=pthread_create   -o CMakeFiles/cmTC_ece20.dir/CheckFunctionExists.c.o   -c /usr/share/cmake-3.11/Modules/CheckFunctionExists.c
Linking C executable cmTC_ece20
/usr/bin/cmake -E cmake_link_script CMakeFiles/cmTC_ece20.dir/link.txt --verbose=1
/usr/bin/cc  -DCHECK_FUNCTION_EXISTS=pthread_create    CMakeFiles/cmTC_ece20.dir/CheckFunctionExists.c.o  -o cmTC_ece20 -lpthreads 
/usr/bin/ld: cannot find -lpthreads
collect2: error: ld returned 1 exit status
make[1]: *** [CMakeFiles/cmTC_ece20.dir/build.make:87: cmTC_ece20] Error 1
make[1]: Leaving directory '/home/cub3d/Development/git/LockScreen/CMakeFiles/CMakeTmp'
make: *** [Makefile:126: cmTC_ece20/fast] Error 2


